TN:
SF:src/get-labels-to-assign.ts
FN:8,getLabelsToAssign
FNF:1
FNH:1
FNDA:3,getLabelsToAssign
DA:1,1
DA:2,1
DA:3,1
DA:4,1
DA:5,1
DA:6,1
DA:7,1
DA:8,1
DA:9,3
DA:10,3
DA:11,3
DA:12,3
DA:13,3
DA:14,6
DA:15,6
DA:16,3
DA:17,3
DA:18,3
DA:19,6
DA:20,3
DA:21,3
DA:22,3
DA:23,3
LF:23
LH:23
BRDA:8,0,0,3
BRDA:13,1,0,6
BRDA:15,2,0,3
BRDA:15,3,0,3
BRDA:14,4,0,13
BRDA:18,5,0,6
BRF:6
BRH:6
end_of_record
TN:
SF:src/config/default-config.ts
FNF:0
FNH:0
DA:1,1
DA:2,1
DA:3,1
DA:4,1
DA:5,1
DA:6,1
LF:6
LH:6
BRF:0
BRH:0
end_of_record
TN:
SF:src/config/get-config.ts
FN:9,getGitlabEnv
FN:31,getConfigFromFile
FN:53,getConfig
FNF:3
FNH:3
FNDA:4,getGitlabEnv
FNDA:4,getConfigFromFile
FNDA:4,getConfig
DA:1,1
DA:2,1
DA:3,1
DA:4,1
DA:5,1
DA:6,1
DA:7,1
DA:8,1
DA:9,4
DA:10,4
DA:11,1
DA:12,1
DA:13,1
DA:14,1
DA:15,3
DA:16,4
DA:17,1
DA:18,1
DA:19,1
DA:20,1
DA:21,2
DA:22,2
DA:23,2
DA:24,2
DA:25,2
DA:26,2
DA:27,2
DA:28,2
DA:29,2
DA:30,1
DA:31,1
DA:32,4
DA:33,4
DA:34,4
DA:35,4
DA:36,4
DA:37,4
DA:38,4
DA:39,3
DA:40,3
DA:41,3
DA:42,3
DA:43,3
DA:44,4
DA:45,4
DA:46,4
DA:47,4
DA:48,4
DA:49,4
DA:50,4
DA:51,4
DA:52,1
DA:53,1
DA:54,4
DA:55,4
DA:56,4
DA:57,1
LF:57
LH:57
BRDA:9,0,0,4
BRDA:10,1,0,1
BRDA:14,2,0,3
BRDA:16,3,0,1
BRDA:20,4,0,2
BRDA:31,5,0,4
BRDA:35,6,0,0
BRDA:39,7,0,3
BRDA:44,8,0,1
BRDA:53,9,0,4
BRF:10
BRH:9
end_of_record
